[
 {
  "Error": {
   "Message": "ERRORED! Got Exception (if any): ERROR: Bot #0: Tried to queue too many commands for ship 0 (at character 18.)\nInput received from bot:\nt 0 3 14 t 0 3 15 t 0 3 14 t 1 3 17 t 1 3 18 t 1 3 18 t 2 3 328 \n                 ^; Response received (if any): t 0 3 14 t 0 3 15 t 0 3 14 t 1 3 17 t 1 3 18 t 1 3 18 t 2 3 328 ",
   "Turn": 1
  },
  "Frames": [
   {
    "Time": 115,
    "Turn": 0
   },
   {
    "Time": 7
   }
  ],
  "PlayerID": 0,
  "PlayerName": "Jared"
 },
 {
  "Error": {},
  "Frames": [
   {
    "Time": 115,
    "Turn": 0
   },
   {
    "Commands": [
     {
      "angle": 188,
      "magnitude": 3,
      "owner": 1,
      "queue_number": 0,
      "shipId": 5,
      "type": "thrust"
     },
     {
      "angle": 171,
      "magnitude": 3,
      "owner": 1,
      "queue_number": 0,
      "shipId": 4,
      "type": "thrust"
     },
     {
      "angle": 179,
      "magnitude": 3,
      "owner": 1,
      "queue_number": 0,
      "shipId": 3,
      "type": "thrust"
     }
    ],
    "Planets": null,
    "Ships": [
     {
      "cooldown": 0,
      "docking": {
       "status": "undocked"
      },
      "health": 255,
      "id": 5,
      "owner": 1,
      "vel_x": 0.0,
      "vel_y": 0.0,
      "x": 177.0291957937753,
      "y": 82.582480697119806
     },
     {
      "cooldown": 0,
      "docking": {
       "status": "undocked"
      },
      "health": 255,
      "id": 4,
      "owner": 1,
      "vel_x": 0.0,
      "vel_y": 0.0,
      "x": 177.03693497821459,
      "y": 77.46930339512069
     },
     {
      "cooldown": 0,
      "docking": {
       "status": "undocked"
      },
      "health": 255,
      "id": 3,
      "owner": 1,
      "vel_x": 0.0,
      "vel_y": 0.0,
      "x": 177.00045691453082,
      "y": 80.052357219311844
     }
    ],
    "Time": 4,
    "Turn": 1
   }
  ],
  "PlayerID": 1,
  "PlayerName": "Tamagocchi"
 }
]
