[
 {
  "Error": {
   "Message": "ERRORED! Got Exception (if any): ERROR: Bot #0: Tried to queue too many commands for ship 0 (at character 20.)\nInput received from bot:\nt 0 3 113 t 0 3 113 t 0 3 113 t 1 3 112 t 1 3 112 t 1 3 112 t 2 3 104 \n                   ^; Response received (if any): t 0 3 113 t 0 3 113 t 0 3 113 t 1 3 112 t 1 3 112 t 1 3 112 t 2 3 104 ",
   "Turn": 1
  },
  "Frames": [
   {
    "Time": 121,
    "Turn": 0
   },
   {
    "Time": 8
   }
  ],
  "PlayerID": 0,
  "PlayerName": "Jared"
 },
 {
  "Error": {},
  "Frames": [
   {
    "Time": 121,
    "Turn": 0
   },
   {
    "Commands": [
     {
      "angle": 292,
      "magnitude": 3,
      "owner": 1,
      "queue_number": 0,
      "shipId": 5,
      "type": "thrust"
     },
     {
      "angle": 284,
      "magnitude": 3,
      "owner": 1,
      "queue_number": 0,
      "shipId": 4,
      "type": "thrust"
     },
     {
      "angle": 292,
      "magnitude": 3,
      "owner": 1,
      "queue_number": 0,
      "shipId": 3,
      "type": "thrust"
     }
    ],
    "Planets": null,
    "Ships": [
     {
      "cooldown": 0,
      "docking": {
       "status": "undocked"
      },
      "health": 255,
      "id": 5,
      "owner": 1,
      "vel_x": 0.0,
      "vel_y": 0.0,
      "x": 121.12381978024774,
      "y": 120.21844843629964
     },
     {
      "cooldown": 0,
      "docking": {
       "status": "undocked"
      },
      "health": 255,
      "id": 4,
      "owner": 1,
      "vel_x": 0.0,
      "vel_y": 0.0,
      "x": 120.72576568679901,
      "y": 114.08911282117201
     },
     {
      "cooldown": 0,
      "docking": {
       "status": "undocked"
      },
      "health": 255,
      "id": 3,
      "owner": 1,
      "vel_x": 0.0,
      "vel_y": 0.0,
      "x": 121.12381978024774,
      "y": 117.21844843629964
     }
    ],
    "Time": 5,
    "Turn": 1
   }
  ],
  "PlayerID": 1,
  "PlayerName": "Tamagocchi"
 }
]
